<?xml version="1.0" encoding="UTF-8"?>
<!-- Generated by org.testng.reporters.JUnitReportReporter -->
<testsuite skipped="0" hostname="LAPTOP-V4BJ7DE4" name="TestCases" tests="5" failures="0" timestamp="20 Sep 2019 07:52:54 GMT" time="39.173" errors="0">
  <testcase name="LaunchBrowser" time="22.710" classname="TestCases"/>
  <testcase name="GettheURL" time="3.684" classname="TestCases"/>
  <testcase name="GetUserNameandPassword" time="9.610" classname="TestCases"/>
  <testcase name="GetLog" time="0.202" classname="TestCases"/>
  <testcase name="CloseBrowser" time="2.967" classname="TestCases"/>
</testsuite> <!-- TestCases -->
